
                  X             Displacement          Force      

                0.                 0.                 1.31025    
              500.005E-06         49.9906E-03         6.60116E+03
                1.00001E-03      100.022E-03          7.76187E+03
                1.5E-03          150.226E-03          7.99849E+03
                2.E-03           200.4E-03            7.96732E+03
                2.50001E-03      250.206E-03          7.8253E+03 
                3.00001E-03      300.013E-03          7.61619E+03
                3.50001E-03      349.82E-03           7.36648E+03
                4.00001E-03      399.626E-03          7.09733E+03
                4.5E-03          449.432E-03          6.82174E+03
                5.E-03           499.238E-03          6.54952E+03
                5.50001E-03      549.045E-03          6.28762E+03
                6.00001E-03      598.852E-03          6.03843E+03
                6.50001E-03      648.658E-03          5.80384E+03
                7.00001E-03      698.465E-03          5.58327E+03
                7.5E-03          748.27E-03           5.37703E+03
                8.E-03           798.7E-03            5.17993E+03
                8.50001E-03      850.167E-03          4.99246E+03
                9.00001E-03      901.634E-03          4.81776E+03
                9.5E-03          953.1E-03            4.65435E+03
               10.E-03             1.00457            4.50202E+03




